{"D:\\Projects\\Github\\SimpleEncryptDecryptPage\\src\\App.ts": {"path":"D:\\Projects\\Github\\SimpleEncryptDecryptPage\\src\\App.ts","statementMap":{"0":{"start":{"line":1,"column":0},"end":{"line":1,"column":null}},"1":{"start":{"line":2,"column":0},"end":{"line":2,"column":null}},"2":{"start":{"line":3,"column":0},"end":{"line":3,"column":null}},"3":{"start":{"line":5,"column":0},"end":{"line":5,"column":15}}},"fnMap":{},"branchMap":{},"s":{"0":0,"1":0,"2":0,"3":0},"f":{},"b":{}}
,"D:\\Projects\\Github\\SimpleEncryptDecryptPage\\src\\App.vue": {"path":"D:\\Projects\\Github\\SimpleEncryptDecryptPage\\src\\App.vue","statementMap":{"0":{"start":{"line":1,"column":0},"end":{"line":1,"column":null}},"1":{"start":{"line":2,"column":0},"end":{"line":2,"column":null}},"2":{"start":{"line":3,"column":0},"end":{"line":3,"column":null}},"3":{"start":{"line":5,"column":0},"end":{"line":5,"column":null}}},"fnMap":{},"branchMap":{},"s":{"0":1,"1":1,"2":1,"3":1},"f":{},"b":{}}
,"D:\\Projects\\Github\\SimpleEncryptDecryptPage\\src\\main.ts": {"path":"D:\\Projects\\Github\\SimpleEncryptDecryptPage\\src\\main.ts","statementMap":{"0":{"start":{"line":1,"column":0},"end":{"line":1,"column":null}},"1":{"start":{"line":2,"column":0},"end":{"line":2,"column":null}},"2":{"start":{"line":3,"column":0},"end":{"line":3,"column":null}},"3":{"start":{"line":4,"column":0},"end":{"line":4,"column":null}},"4":{"start":{"line":5,"column":0},"end":{"line":5,"column":null}},"5":{"start":{"line":6,"column":0},"end":{"line":6,"column":null}},"6":{"start":{"line":8,"column":0},"end":{"line":8,"column":4}},"7":{"start":{"line":9,"column":0},"end":{"line":9,"column":4}},"8":{"start":{"line":11,"column":0},"end":{"line":11,"column":4}},"9":{"start":{"line":14,"column":17},"end":{"line":14,"column":19}}},"fnMap":{"0":{"name":"(anonymous_0)","decl":{"start":{"line":14,"column":11},"end":{"line":14,"column":17}},"loc":{"start":{"line":14,"column":17},"end":{"line":14,"column":19}}}},"branchMap":{},"s":{"0":0,"1":0,"2":0,"3":0,"4":0,"5":0,"6":0,"7":0,"8":0,"9":0},"f":{"0":0},"b":{}}
,"D:\\Projects\\Github\\SimpleEncryptDecryptPage\\src\\router.ts": {"path":"D:\\Projects\\Github\\SimpleEncryptDecryptPage\\src\\router.ts","statementMap":{"0":{"start":{"line":1,"column":0},"end":{"line":1,"column":null}},"1":{"start":{"line":2,"column":0},"end":{"line":2,"column":null}},"2":{"start":{"line":3,"column":0},"end":{"line":3,"column":null}},"3":{"start":{"line":4,"column":0},"end":{"line":4,"column":null}},"4":{"start":{"line":6,"column":0},"end":{"line":6,"column":4}},"5":{"start":{"line":8,"column":0},"end":{"line":8,"column":15}},"6":{"start":{"line":26,"column":22},"end":{"line":26,"column":30}},"7":{"start":{"line":34,"column":22},"end":{"line":34,"column":30}}},"fnMap":{"0":{"name":"(anonymous_0)","decl":{"start":{"line":26,"column":17},"end":{"line":26,"column":22}},"loc":{"start":{"line":26,"column":22},"end":{"line":26,"column":30}}},"1":{"name":"(anonymous_1)","decl":{"start":{"line":26,"column":22},"end":{"line":26,"column":30}},"loc":{"start":{"line":26,"column":22},"end":{"line":26,"column":30}}},"2":{"name":"(anonymous_2)","decl":{"start":{"line":34,"column":17},"end":{"line":34,"column":22}},"loc":{"start":{"line":34,"column":22},"end":{"line":34,"column":30}}},"3":{"name":"(anonymous_3)","decl":{"start":{"line":34,"column":22},"end":{"line":34,"column":30}},"loc":{"start":{"line":34,"column":22},"end":{"line":34,"column":30}}}},"branchMap":{},"s":{"0":1,"1":1,"2":1,"3":1,"4":1,"5":1,"6":0,"7":0},"f":{"0":0,"1":0,"2":0,"3":0},"b":{}}
,"D:\\Projects\\Github\\SimpleEncryptDecryptPage\\src\\store.ts": {"path":"D:\\Projects\\Github\\SimpleEncryptDecryptPage\\src\\store.ts","statementMap":{"0":{"start":{"line":1,"column":0},"end":{"line":1,"column":null}},"1":{"start":{"line":2,"column":0},"end":{"line":2,"column":null}},"2":{"start":{"line":4,"column":0},"end":{"line":4,"column":4}},"3":{"start":{"line":6,"column":0},"end":{"line":6,"column":15}}},"fnMap":{},"branchMap":{},"s":{"0":1,"1":1,"2":1,"3":1},"f":{},"b":{}}
,"D:\\Projects\\Github\\SimpleEncryptDecryptPage\\src\\components\\BaseFooter.ts": {"path":"D:\\Projects\\Github\\SimpleEncryptDecryptPage\\src\\components\\BaseFooter.ts","statementMap":{"0":{"start":{"line":1,"column":0},"end":{"line":1,"column":null}},"1":{"start":{"line":3,"column":0},"end":{"line":3,"column":15}}},"fnMap":{},"branchMap":{},"s":{"0":0,"1":0},"f":{},"b":{}}
,"D:\\Projects\\Github\\SimpleEncryptDecryptPage\\src\\components\\BaseFooter.vue": {"path":"D:\\Projects\\Github\\SimpleEncryptDecryptPage\\src\\components\\BaseFooter.vue","statementMap":{"0":{"start":{"line":1,"column":0},"end":{"line":1,"column":null}},"1":{"start":{"line":3,"column":0},"end":{"line":3,"column":null}}},"fnMap":{},"branchMap":{},"s":{"0":2,"1":2},"f":{},"b":{}}
,"D:\\Projects\\Github\\SimpleEncryptDecryptPage\\src\\components\\BaseHeader.ts": {"path":"D:\\Projects\\Github\\SimpleEncryptDecryptPage\\src\\components\\BaseHeader.ts","statementMap":{"0":{"start":{"line":1,"column":0},"end":{"line":1,"column":null}},"1":{"start":{"line":3,"column":0},"end":{"line":3,"column":15}}},"fnMap":{},"branchMap":{},"s":{"0":0,"1":0},"f":{},"b":{}}
,"D:\\Projects\\Github\\SimpleEncryptDecryptPage\\src\\components\\BaseHeader.vue": {"path":"D:\\Projects\\Github\\SimpleEncryptDecryptPage\\src\\components\\BaseHeader.vue","statementMap":{"0":{"start":{"line":1,"column":0},"end":{"line":1,"column":null}},"1":{"start":{"line":3,"column":0},"end":{"line":3,"column":null}}},"fnMap":{},"branchMap":{},"s":{"0":2,"1":2},"f":{},"b":{}}
,"D:\\Projects\\Github\\SimpleEncryptDecryptPage\\src\\views\\About.vue": {"path":"D:\\Projects\\Github\\SimpleEncryptDecryptPage\\src\\views\\About.vue","statementMap":{"0":{"start":{"line":1,"column":0},"end":{"line":1,"column":null}}},"fnMap":{"0":{"name":"(anonymous_0)","decl":{"start":{"line":1,"column":0},"end":{"line":1,"column":null}},"loc":{"start":{"line":1,"column":0},"end":{"line":1,"column":null}}}},"branchMap":{},"s":{"0":9},"f":{"0":1},"b":{}}
,"D:\\Projects\\Github\\SimpleEncryptDecryptPage\\src\\views\\Decryption.ts": {"path":"D:\\Projects\\Github\\SimpleEncryptDecryptPage\\src\\views\\Decryption.ts","statementMap":{"0":{"start":{"line":1,"column":0},"end":{"line":1,"column":null}},"1":{"start":{"line":2,"column":0},"end":{"line":2,"column":null}},"2":{"start":{"line":3,"column":0},"end":{"line":3,"column":null}},"3":{"start":{"line":5,"column":0},"end":{"line":5,"column":15}},"4":{"start":{"line":7,"column":4},"end":{"line":7,"column":11}},"5":{"start":{"line":15,"column":6},"end":{"line":25,"column":null}},"6":{"start":{"line":16,"column":29},"end":{"line":16,"column":33}},"7":{"start":{"line":17,"column":22},"end":{"line":17,"column":34}},"8":{"start":{"line":18,"column":8},"end":{"line":18,"column":13}},"9":{"start":{"line":20,"column":8},"end":{"line":20,"column":13}}},"fnMap":{"0":{"name":"(anonymous_0)","decl":{"start":{"line":6,"column":2},"end":{"line":6,"column":6}},"loc":{"start":{"line":6,"column":6},"end":{"line":12,"column":null}}},"1":{"name":"(anonymous_1)","decl":{"start":{"line":14,"column":4},"end":{"line":14,"column":14}},"loc":{"start":{"line":14,"column":14},"end":{"line":26,"column":null}}}},"branchMap":{"0":{"loc":{"start":{"line":15,"column":6},"end":{"line":25,"column":null}},"type":"if","locations":[{"start":{"line":15,"column":6},"end":{"line":25,"column":null}},{"start":{"line":19,"column":13},"end":{"line":25,"column":null}}]},"1":{"loc":{"start":{"line":15,"column":10},"end":{"line":15,"column":36}},"type":"binary-expr","locations":[{"start":{"line":15,"column":10},"end":{"line":15,"column":26}},{"start":{"line":15,"column":26},"end":{"line":15,"column":36}}]}},"s":{"0":0,"1":0,"2":0,"3":0,"4":0,"5":0,"6":0,"7":0,"8":0,"9":0},"f":{"0":0,"1":0},"b":{"0":[0,0],"1":[0,0]}}
,"D:\\Projects\\Github\\SimpleEncryptDecryptPage\\src\\views\\Decryption.vue": {"path":"D:\\Projects\\Github\\SimpleEncryptDecryptPage\\src\\views\\Decryption.vue","statementMap":{"0":{"start":{"line":1,"column":0},"end":{"line":1,"column":null}},"1":{"start":{"line":2,"column":0},"end":{"line":2,"column":null}},"2":{"start":{"line":3,"column":0},"end":{"line":3,"column":null}},"3":{"start":{"line":5,"column":0},"end":{"line":5,"column":null}}},"fnMap":{},"branchMap":{},"s":{"0":1,"1":1,"2":1,"3":1},"f":{},"b":{}}
,"D:\\Projects\\Github\\SimpleEncryptDecryptPage\\src\\views\\Encryption.ts": {"path":"D:\\Projects\\Github\\SimpleEncryptDecryptPage\\src\\views\\Encryption.ts","statementMap":{"0":{"start":{"line":1,"column":0},"end":{"line":1,"column":null}},"1":{"start":{"line":2,"column":0},"end":{"line":2,"column":null}},"2":{"start":{"line":4,"column":0},"end":{"line":4,"column":15}},"3":{"start":{"line":6,"column":4},"end":{"line":6,"column":11}},"4":{"start":{"line":14,"column":6},"end":{"line":23,"column":null}},"5":{"start":{"line":15,"column":29},"end":{"line":15,"column":33}},"6":{"start":{"line":16,"column":8},"end":{"line":16,"column":13}},"7":{"start":{"line":18,"column":8},"end":{"line":18,"column":13}}},"fnMap":{"0":{"name":"(anonymous_0)","decl":{"start":{"line":5,"column":2},"end":{"line":5,"column":6}},"loc":{"start":{"line":5,"column":6},"end":{"line":11,"column":null}}},"1":{"name":"(anonymous_1)","decl":{"start":{"line":13,"column":4},"end":{"line":13,"column":14}},"loc":{"start":{"line":13,"column":14},"end":{"line":24,"column":null}}}},"branchMap":{"0":{"loc":{"start":{"line":14,"column":6},"end":{"line":23,"column":null}},"type":"if","locations":[{"start":{"line":14,"column":6},"end":{"line":23,"column":null}},{"start":{"line":17,"column":13},"end":{"line":23,"column":null}}]},"1":{"loc":{"start":{"line":14,"column":10},"end":{"line":14,"column":36}},"type":"binary-expr","locations":[{"start":{"line":14,"column":10},"end":{"line":14,"column":26}},{"start":{"line":14,"column":26},"end":{"line":14,"column":36}}]}},"s":{"0":0,"1":0,"2":0,"3":0,"4":0,"5":0,"6":0,"7":0},"f":{"0":0,"1":0},"b":{"0":[0,0],"1":[0,0]}}
,"D:\\Projects\\Github\\SimpleEncryptDecryptPage\\src\\views\\Encryption.vue": {"path":"D:\\Projects\\Github\\SimpleEncryptDecryptPage\\src\\views\\Encryption.vue","statementMap":{"0":{"start":{"line":1,"column":0},"end":{"line":1,"column":null}},"1":{"start":{"line":2,"column":0},"end":{"line":2,"column":null}},"2":{"start":{"line":4,"column":0},"end":{"line":4,"column":null}}},"fnMap":{},"branchMap":{},"s":{"0":1,"1":1,"2":1},"f":{},"b":{}}
,"D:\\Projects\\Github\\SimpleEncryptDecryptPage\\src\\views\\Home.ts": {"path":"D:\\Projects\\Github\\SimpleEncryptDecryptPage\\src\\views\\Home.ts","statementMap":{"0":{"start":{"line":1,"column":0},"end":{"line":1,"column":null}},"1":{"start":{"line":3,"column":0},"end":{"line":3,"column":15}},"2":{"start":{"line":5,"column":4},"end":{"line":5,"column":11}}},"fnMap":{"0":{"name":"(anonymous_0)","decl":{"start":{"line":4,"column":2},"end":{"line":4,"column":6}},"loc":{"start":{"line":4,"column":6},"end":{"line":21,"column":null}}}},"branchMap":{},"s":{"0":0,"1":0,"2":0},"f":{"0":0},"b":{}}
,"D:\\Projects\\Github\\SimpleEncryptDecryptPage\\src\\views\\Home.vue": {"path":"D:\\Projects\\Github\\SimpleEncryptDecryptPage\\src\\views\\Home.vue","statementMap":{"0":{"start":{"line":1,"column":0},"end":{"line":1,"column":null}},"1":{"start":{"line":3,"column":0},"end":{"line":3,"column":null}}},"fnMap":{},"branchMap":{},"s":{"0":2,"1":2},"f":{},"b":{}}
}
